<?xml version="1.0" encoding="UTF-8"?>
  <testsuites tests="0" disabled="0" errors="0" failures="0" time="0.015459">
      <testsuite name="examples/kitchen" package="/Users/adam/Documents/Projects/github.com/advanderveer/gor/examples/kitchen" tests="0" disabled="0" skipped="0" errors="0" failures="0" time="0.015459" timestamp="2023-08-22T08:03:11">
          <properties>
              <property name="SuiteSucceeded" value="true"></property>
              <property name="SuiteHasProgrammaticFocus" value="false"></property>
              <property name="SpecialSuiteFailureReason" value=""></property>
              <property name="SuiteLabels" value="[]"></property>
              <property name="RandomSeed" value="1692684191"></property>
              <property name="RandomizeAllSpecs" value="true"></property>
              <property name="LabelFilter" value=""></property>
              <property name="FocusStrings" value=""></property>
              <property name="SkipStrings" value=""></property>
              <property name="FocusFiles" value=""></property>
              <property name="SkipFiles" value=""></property>
              <property name="FailOnPending" value="true"></property>
              <property name="FailFast" value="false"></property>
              <property name="FlakeAttempts" value="0"></property>
              <property name="DryRun" value="false"></property>
              <property name="ParallelTotal" value="7"></property>
              <property name="OutputInterceptorMode" value=""></property>
          </properties>
      </testsuite>
  </testsuites>